<?xml version="1.0" encoding="UTF-8"?>
<!-- Generated by org.testng.reporters.JUnitXMLReporter -->
<testsuite ignored="0" hostname="Parth" failures="0" tests="6" name="Default test" time="45.975" errors="0" timestamp="2023-01-09T13:11:48 EST">
  <testcase classname="tests.HomePageTest" name="verifyHeaderTextTest" time="0.26"/>
  <testcase classname="tests.HomePageTest" name="verifyService1Title1TextTest" time="0.387"/>
  <testcase classname="tests.HomePageTest" name="verifyService1Title2TextTest" time="0.41"/>
  <testcase classname="tests.HomePageTest" name="verifyService1DescTextTest" time="0.294"/>
  <testcase classname="tests.HomePageTest" name="verifyServicesListSizeTest" time="0.221"/>
  <testcase classname="tests.HomePageTest" name="loginTest" time="4.109"/>
</testsuite> <!-- Default test -->
