<?xml version="1.0" encoding="UTF-8"?>
<!-- Generated by org.testng.reporters.JUnitXMLReporter -->
<testsuite ignored="0" hostname="Parth" failures="0" tests="8" name="Test" time="69.441" errors="0" timestamp="2022-12-15T12:05:48 EST">
  <testcase classname="tests.HomePageTest" name="verifySiteLogoTest" time="0.08"/>
  <testcase classname="tests.HomePageTest" name="verifySiteIconTest" time="0.081"/>
  <testcase classname="tests.HomePageTest" name="verifyHeaderTextTest" time="0.094"/>
  <testcase classname="tests.HomePageTest" name="verifyService1Title1TextTest" time="0.106"/>
  <testcase classname="tests.HomePageTest" name="verifyService1Title2TextTest" time="0.085"/>
  <testcase classname="tests.HomePageTest" name="verifyService1DescTextTest" time="0.094"/>
  <testcase classname="tests.HomePageTest" name="verifyServicesListSizeTest" time="0.13"/>
  <testcase classname="tests.HomePageTest" name="loginTest" time="3.862"/>
</testsuite> <!-- Test -->
