<?xml version="1.0" encoding="UTF-8"?>
<testng-results ignored="0" total="2" passed="2" failed="0" skipped="0">
  <reporter-output>
  </reporter-output>
  <suite started-at="2022-12-16T23:43:23 EST" name="Default suite" finished-at="2022-12-16T23:43:44 EST" duration-ms="20669">
    <groups>
    </groups>
    <test started-at="2022-12-16T23:43:23 EST" name="Default test" finished-at="2022-12-16T23:43:44 EST" duration-ms="20669">
      <class name="tests.UserContactPageTest">
        <test-method is-config="true" signature="setup()[pri:0, instance:tests.UserContactPageTest@2794eab6]" started-at="2022-12-16T23:43:24 EST" name="setup" finished-at="2022-12-16T23:43:33 EST" duration-ms="9585" status="PASS">
          <reporter-output>
          </reporter-output>
        </test-method> <!-- setup -->
        <test-method signature="checkContactTest()[pri:1, instance:tests.UserContactPageTest@2794eab6]" started-at="2022-12-16T23:43:33 EST" name="checkContactTest" finished-at="2022-12-16T23:43:33 EST" duration-ms="24" status="PASS">
          <reporter-output>
          </reporter-output>
        </test-method> <!-- checkContactTest -->
        <test-method is-config="true" signature="tearDown()[pri:0, instance:tests.UserContactPageTest@2794eab6]" started-at="2022-12-16T23:43:33 EST" name="tearDown" finished-at="2022-12-16T23:43:34 EST" duration-ms="765" status="PASS">
          <reporter-output>
          </reporter-output>
        </test-method> <!-- tearDown -->
        <test-method is-config="true" signature="setup()[pri:0, instance:tests.UserContactPageTest@2794eab6]" started-at="2022-12-16T23:43:34 EST" name="setup" finished-at="2022-12-16T23:43:43 EST" duration-ms="9277" status="PASS">
          <reporter-output>
          </reporter-output>
        </test-method> <!-- setup -->
        <test-method signature="deleteContactTest()[pri:2, instance:tests.UserContactPageTest@2794eab6]" started-at="2022-12-16T23:43:43 EST" name="deleteContactTest" finished-at="2022-12-16T23:43:43 EST" duration-ms="17" status="PASS">
          <reporter-output>
          </reporter-output>
        </test-method> <!-- deleteContactTest -->
        <test-method is-config="true" signature="tearDown()[pri:0, instance:tests.UserContactPageTest@2794eab6]" started-at="2022-12-16T23:43:43 EST" name="tearDown" finished-at="2022-12-16T23:43:44 EST" duration-ms="954" status="PASS">
          <reporter-output>
          </reporter-output>
        </test-method> <!-- tearDown -->
      </class> <!-- tests.UserContactPageTest -->
    </test> <!-- Default test -->
  </suite> <!-- Default suite -->
</testng-results>
